{"/Users/rus/lighthouse/react/projects/scheduler/src/components/Application.js": {"path":"/Users/rus/lighthouse/react/projects/scheduler/src/components/Application.js","statementMap":{"0":{"start":{"line":22,"column":6},"end":{"line":22,"column":26}},"1":{"start":{"line":24,"column":23},"end":{"line":24,"column":62}},"2":{"start":{"line":26,"column":23},"end":{"line":39,"column":3}},"3":{"start":{"line":28,"column":6},"end":{"line":37,"column":8}},"4":{"start":{"line":41,"column":2},"end":{"line":64,"column":4}}},"fnMap":{"0":{"name":"Application","decl":{"start":{"line":16,"column":24},"end":{"line":16,"column":35}},"loc":{"start":{"line":16,"column":43},"end":{"line":65,"column":1}},"line":16},"1":{"name":"(anonymous_1)","decl":{"start":{"line":27,"column":4},"end":{"line":27,"column":5}},"loc":{"start":{"line":27,"column":19},"end":{"line":38,"column":5}},"line":27}},"branchMap":{},"s":{"0":9,"1":9,"2":9,"3":11,"4":9},"f":{"0":9,"1":11},"b":{},"_coverageSchema":"43e27e138ebf9cfc5966b082cf9a028302ed4184","hash":"10a824f95a2f6f66429ff3fd4f69298630b7e006"}
,"/Users/rus/lighthouse/react/projects/scheduler/src/components/Button.js": {"path":"/Users/rus/lighthouse/react/projects/scheduler/src/components/Button.js","statementMap":{"0":{"start":{"line":8,"column":22},"end":{"line":11,"column":4}},"1":{"start":{"line":13,"column":2},"end":{"line":21,"column":4}}},"fnMap":{"0":{"name":"Button","decl":{"start":{"line":7,"column":24},"end":{"line":7,"column":30}},"loc":{"start":{"line":7,"column":38},"end":{"line":22,"column":1}},"line":7}},"branchMap":{},"s":{"0":41,"1":41},"f":{"0":41},"b":{},"_coverageSchema":"43e27e138ebf9cfc5966b082cf9a028302ed4184","hash":"ee1a38737f82ce2ddee82e90774b46a460044b48"}
,"/Users/rus/lighthouse/react/projects/scheduler/src/components/DayList.js": {"path":"/Users/rus/lighthouse/react/projects/scheduler/src/components/DayList.js","statementMap":{"0":{"start":{"line":7,"column":15},"end":{"line":17,"column":4}},"1":{"start":{"line":8,"column":4},"end":{"line":16,"column":6}},"2":{"start":{"line":19,"column":2},"end":{"line":19,"column":25}}},"fnMap":{"0":{"name":"DayList","decl":{"start":{"line":6,"column":24},"end":{"line":6,"column":31}},"loc":{"start":{"line":6,"column":39},"end":{"line":20,"column":1}},"line":6},"1":{"name":"(anonymous_1)","decl":{"start":{"line":7,"column":30},"end":{"line":7,"column":31}},"loc":{"start":{"line":7,"column":37},"end":{"line":17,"column":3}},"line":7}},"branchMap":{},"s":{"0":9,"1":12,"2":9},"f":{"0":9,"1":12},"b":{},"_coverageSchema":"43e27e138ebf9cfc5966b082cf9a028302ed4184","hash":"7f87296df30049178062a14b0409e2b97218f5dc"}
,"/Users/rus/lighthouse/react/projects/scheduler/src/components/DayListItem.js": {"path":"/Users/rus/lighthouse/react/projects/scheduler/src/components/DayListItem.js","statementMap":{"0":{"start":{"line":7,"column":2},"end":{"line":7,"column":48}},"1":{"start":{"line":7,"column":20},"end":{"line":7,"column":48}},"2":{"start":{"line":8,"column":2},"end":{"line":8,"column":46}},"3":{"start":{"line":8,"column":20},"end":{"line":8,"column":46}},"4":{"start":{"line":10,"column":2},"end":{"line":10,"column":37}},"5":{"start":{"line":14,"column":19},"end":{"line":17,"column":4}},"6":{"start":{"line":19,"column":2},"end":{"line":28,"column":4}},"7":{"start":{"line":22,"column":21},"end":{"line":22,"column":45}}},"fnMap":{"0":{"name":"formatSpots","decl":{"start":{"line":6,"column":16},"end":{"line":6,"column":27}},"loc":{"start":{"line":6,"column":36},"end":{"line":11,"column":1}},"line":6},"1":{"name":"DayListItem","decl":{"start":{"line":13,"column":24},"end":{"line":13,"column":35}},"loc":{"start":{"line":13,"column":43},"end":{"line":29,"column":1}},"line":13},"2":{"name":"(anonymous_2)","decl":{"start":{"line":22,"column":15},"end":{"line":22,"column":16}},"loc":{"start":{"line":22,"column":21},"end":{"line":22,"column":45}},"line":22}},"branchMap":{"0":{"loc":{"start":{"line":7,"column":2},"end":{"line":7,"column":48}},"type":"if","locations":[{"start":{"line":7,"column":2},"end":{"line":7,"column":48}},{"start":{"line":7,"column":2},"end":{"line":7,"column":48}}],"line":7},"1":{"loc":{"start":{"line":8,"column":2},"end":{"line":8,"column":46}},"type":"if","locations":[{"start":{"line":8,"column":2},"end":{"line":8,"column":46}},{"start":{"line":8,"column":2},"end":{"line":8,"column":46}}],"line":8}},"s":{"0":12,"1":1,"2":11,"3":10,"4":1,"5":12,"6":12,"7":1},"f":{"0":12,"1":12,"2":1},"b":{"0":[1,11],"1":[10,1]},"_coverageSchema":"43e27e138ebf9cfc5966b082cf9a028302ed4184","hash":"21d3cf0af14c312e1279b4d5b0a4771b03b8155e"}
,"/Users/rus/lighthouse/react/projects/scheduler/src/components/InterviewerList.js": {"path":"/Users/rus/lighthouse/react/projects/scheduler/src/components/InterviewerList.js","statementMap":{"0":{"start":{"line":10,"column":23},"end":{"line":21,"column":4}},"1":{"start":{"line":11,"column":4},"end":{"line":20,"column":6}},"2":{"start":{"line":18,"column":33},"end":{"line":18,"column":63}},"3":{"start":{"line":23,"column":2},"end":{"line":28,"column":4}},"4":{"start":{"line":31,"column":0},"end":{"line":33,"column":2}}},"fnMap":{"0":{"name":"InterviewerList","decl":{"start":{"line":8,"column":9},"end":{"line":8,"column":24}},"loc":{"start":{"line":8,"column":32},"end":{"line":29,"column":1}},"line":8},"1":{"name":"(anonymous_1)","decl":{"start":{"line":10,"column":46},"end":{"line":10,"column":47}},"loc":{"start":{"line":10,"column":61},"end":{"line":21,"column":3}},"line":10},"2":{"name":"(anonymous_2)","decl":{"start":{"line":18,"column":24},"end":{"line":18,"column":25}},"loc":{"start":{"line":18,"column":33},"end":{"line":18,"column":63}},"line":18}},"branchMap":{},"s":{"0":19,"1":22,"2":1,"3":19,"4":3},"f":{"0":19,"1":22,"2":1},"b":{},"_coverageSchema":"43e27e138ebf9cfc5966b082cf9a028302ed4184","hash":"c8e7ef35284eae050ea487eb20e979c19af7b4d3"}
,"/Users/rus/lighthouse/react/projects/scheduler/src/components/InterviewerListItem.js": {"path":"/Users/rus/lighthouse/react/projects/scheduler/src/components/InterviewerListItem.js","statementMap":{"0":{"start":{"line":7,"column":20},"end":{"line":9,"column":4}},"1":{"start":{"line":11,"column":2},"end":{"line":20,"column":4}}},"fnMap":{"0":{"name":"InterviewerItem","decl":{"start":{"line":6,"column":24},"end":{"line":6,"column":39}},"loc":{"start":{"line":6,"column":47},"end":{"line":21,"column":1}},"line":6}},"branchMap":{"0":{"loc":{"start":{"line":18,"column":7},"end":{"line":18,"column":35}},"type":"binary-expr","locations":[{"start":{"line":18,"column":7},"end":{"line":18,"column":21}},{"start":{"line":18,"column":25},"end":{"line":18,"column":35}}],"line":18}},"s":{"0":22,"1":22},"f":{"0":22},"b":{"0":[22,6]},"_coverageSchema":"43e27e138ebf9cfc5966b082cf9a028302ed4184","hash":"d54badff7241ad64a06d6082a68c127bd19e2137"}
,"/Users/rus/lighthouse/react/projects/scheduler/src/components/Appointment/Confirm.js": {"path":"/Users/rus/lighthouse/react/projects/scheduler/src/components/Appointment/Confirm.js","statementMap":{"0":{"start":{"line":6,"column":2},"end":{"line":18,"column":4}}},"fnMap":{"0":{"name":"Confirm","decl":{"start":{"line":5,"column":24},"end":{"line":5,"column":31}},"loc":{"start":{"line":5,"column":39},"end":{"line":19,"column":1}},"line":5}},"branchMap":{},"s":{"0":1},"f":{"0":1},"b":{},"_coverageSchema":"43e27e138ebf9cfc5966b082cf9a028302ed4184","hash":"ec6707b1b82513f3e535a568a36a487b7f1bbece"}
,"/Users/rus/lighthouse/react/projects/scheduler/src/components/Appointment/Empty.js": {"path":"/Users/rus/lighthouse/react/projects/scheduler/src/components/Appointment/Empty.js","statementMap":{"0":{"start":{"line":4,"column":2},"end":{"line":15,"column":4}}},"fnMap":{"0":{"name":"Empty","decl":{"start":{"line":3,"column":24},"end":{"line":3,"column":29}},"loc":{"start":{"line":3,"column":37},"end":{"line":16,"column":1}},"line":3}},"branchMap":{},"s":{"0":15},"f":{"0":15},"b":{},"_coverageSchema":"43e27e138ebf9cfc5966b082cf9a028302ed4184","hash":"a758cdc629b82cc89d2d557f33b61d5d1a2f0fe9"}
,"/Users/rus/lighthouse/react/projects/scheduler/src/components/Appointment/Error.js": {"path":"/Users/rus/lighthouse/react/projects/scheduler/src/components/Appointment/Error.js","statementMap":{"0":{"start":{"line":4,"column":2},"end":{"line":17,"column":4}}},"fnMap":{"0":{"name":"Error","decl":{"start":{"line":3,"column":24},"end":{"line":3,"column":29}},"loc":{"start":{"line":3,"column":37},"end":{"line":18,"column":1}},"line":3}},"branchMap":{},"s":{"0":0},"f":{"0":0},"b":{},"_coverageSchema":"43e27e138ebf9cfc5966b082cf9a028302ed4184","hash":"b616e67384e646804a6b6e1bc9266d8fe4f157a7"}
,"/Users/rus/lighthouse/react/projects/scheduler/src/components/Appointment/Form.js": {"path":"/Users/rus/lighthouse/react/projects/scheduler/src/components/Appointment/Form.js","statementMap":{"0":{"start":{"line":8,"column":26},"end":{"line":8,"column":52}},"1":{"start":{"line":9,"column":40},"end":{"line":9,"column":75}},"2":{"start":{"line":10,"column":28},"end":{"line":10,"column":40}},"3":{"start":{"line":13,"column":4},"end":{"line":13,"column":16}},"4":{"start":{"line":14,"column":4},"end":{"line":14,"column":17}},"5":{"start":{"line":15,"column":4},"end":{"line":15,"column":25}},"6":{"start":{"line":19,"column":4},"end":{"line":19,"column":12}},"7":{"start":{"line":20,"column":4},"end":{"line":20,"column":21}},"8":{"start":{"line":24,"column":4},"end":{"line":27,"column":5}},"9":{"start":{"line":25,"column":6},"end":{"line":25,"column":47}},"10":{"start":{"line":26,"column":6},"end":{"line":26,"column":13}},"11":{"start":{"line":29,"column":4},"end":{"line":32,"column":5}},"12":{"start":{"line":30,"column":6},"end":{"line":30,"column":47}},"13":{"start":{"line":31,"column":6},"end":{"line":31,"column":13}},"14":{"start":{"line":34,"column":4},"end":{"line":34,"column":17}},"15":{"start":{"line":35,"column":4},"end":{"line":35,"column":36}},"16":{"start":{"line":38,"column":2},"end":{"line":76,"column":4}},"17":{"start":{"line":41,"column":53},"end":{"line":41,"column":75}},"18":{"start":{"line":49,"column":14},"end":{"line":49,"column":42}}},"fnMap":{"0":{"name":"Form","decl":{"start":{"line":6,"column":24},"end":{"line":6,"column":28}},"loc":{"start":{"line":6,"column":36},"end":{"line":77,"column":1}},"line":6},"1":{"name":"reset","decl":{"start":{"line":12,"column":11},"end":{"line":12,"column":16}},"loc":{"start":{"line":12,"column":19},"end":{"line":16,"column":3}},"line":12},"2":{"name":"cancel","decl":{"start":{"line":18,"column":11},"end":{"line":18,"column":17}},"loc":{"start":{"line":18,"column":20},"end":{"line":21,"column":3}},"line":18},"3":{"name":"validate","decl":{"start":{"line":23,"column":11},"end":{"line":23,"column":19}},"loc":{"start":{"line":23,"column":22},"end":{"line":36,"column":3}},"line":23},"4":{"name":"(anonymous_4)","decl":{"start":{"line":41,"column":43},"end":{"line":41,"column":44}},"loc":{"start":{"line":41,"column":52},"end":{"line":41,"column":76}},"line":41},"5":{"name":"(anonymous_5)","decl":{"start":{"line":48,"column":22},"end":{"line":48,"column":23}},"loc":{"start":{"line":48,"column":31},"end":{"line":50,"column":13}},"line":48}},"branchMap":{"0":{"loc":{"start":{"line":8,"column":35},"end":{"line":8,"column":51}},"type":"binary-expr","locations":[{"start":{"line":8,"column":35},"end":{"line":8,"column":45}},{"start":{"line":8,"column":49},"end":{"line":8,"column":51}}],"line":8},"1":{"loc":{"start":{"line":9,"column":49},"end":{"line":9,"column":74}},"type":"binary-expr","locations":[{"start":{"line":9,"column":49},"end":{"line":9,"column":66}},{"start":{"line":9,"column":70},"end":{"line":9,"column":74}}],"line":9},"2":{"loc":{"start":{"line":24,"column":4},"end":{"line":27,"column":5}},"type":"if","locations":[{"start":{"line":24,"column":4},"end":{"line":27,"column":5}},{"start":{"line":24,"column":4},"end":{"line":27,"column":5}}],"line":24},"3":{"loc":{"start":{"line":29,"column":4},"end":{"line":32,"column":5}},"type":"if","locations":[{"start":{"line":29,"column":4},"end":{"line":32,"column":5}},{"start":{"line":29,"column":4},"end":{"line":32,"column":5}}],"line":29}},"s":{"0":19,"1":19,"2":19,"3":1,"4":1,"5":1,"6":1,"7":1,"8":6,"9":2,"10":2,"11":4,"12":2,"13":2,"14":2,"15":2,"16":19,"17":0,"18":3},"f":{"0":19,"1":1,"2":1,"3":6,"4":0,"5":3},"b":{"0":[19,11],"1":[19,14],"2":[2,4],"3":[2,2]},"_coverageSchema":"43e27e138ebf9cfc5966b082cf9a028302ed4184","hash":"1cec836ad0faf5d9fb3732762bcf9a16fa4d9f04"}
,"/Users/rus/lighthouse/react/projects/scheduler/src/components/Appointment/Header.js": {"path":"/Users/rus/lighthouse/react/projects/scheduler/src/components/Appointment/Header.js","statementMap":{"0":{"start":{"line":4,"column":2},"end":{"line":9,"column":4}}},"fnMap":{"0":{"name":"Header","decl":{"start":{"line":3,"column":24},"end":{"line":3,"column":30}},"loc":{"start":{"line":3,"column":38},"end":{"line":10,"column":1}},"line":3}},"branchMap":{},"s":{"0":31},"f":{"0":31},"b":{},"_coverageSchema":"43e27e138ebf9cfc5966b082cf9a028302ed4184","hash":"01c1cf0b16d2cd5b40b9508a107a1b78de3855c8"}
,"/Users/rus/lighthouse/react/projects/scheduler/src/components/Appointment/Show.js": {"path":"/Users/rus/lighthouse/react/projects/scheduler/src/components/Appointment/Show.js","statementMap":{"0":{"start":{"line":4,"column":2},"end":{"line":32,"column":4}}},"fnMap":{"0":{"name":"Show","decl":{"start":{"line":3,"column":24},"end":{"line":3,"column":28}},"loc":{"start":{"line":3,"column":36},"end":{"line":33,"column":1}},"line":3}},"branchMap":{"0":{"loc":{"start":{"line":11,"column":13},"end":{"line":11,"column":56}},"type":"binary-expr","locations":[{"start":{"line":11,"column":13},"end":{"line":11,"column":30}},{"start":{"line":11,"column":34},"end":{"line":11,"column":56}}],"line":11}},"s":{"0":9},"f":{"0":9},"b":{"0":[9,9]},"_coverageSchema":"43e27e138ebf9cfc5966b082cf9a028302ed4184","hash":"3d05a28c9357d94c74769e1a0aea4f06afca42e5"}
,"/Users/rus/lighthouse/react/projects/scheduler/src/components/Appointment/Status.js": {"path":"/Users/rus/lighthouse/react/projects/scheduler/src/components/Appointment/Status.js","statementMap":{"0":{"start":{"line":4,"column":2},"end":{"line":13,"column":4}}},"fnMap":{"0":{"name":"Status","decl":{"start":{"line":3,"column":24},"end":{"line":3,"column":30}},"loc":{"start":{"line":3,"column":38},"end":{"line":14,"column":1}},"line":3}},"branchMap":{},"s":{"0":3},"f":{"0":3},"b":{},"_coverageSchema":"43e27e138ebf9cfc5966b082cf9a028302ed4184","hash":"91a40c06ce8601155ee224ea1bc5f10889cbaf52"}
,"/Users/rus/lighthouse/react/projects/scheduler/src/components/Appointment/index.js": {"path":"/Users/rus/lighthouse/react/projects/scheduler/src/components/Appointment/index.js","statementMap":{"0":{"start":{"line":12,"column":14},"end":{"line":12,"column":21}},"1":{"start":{"line":13,"column":13},"end":{"line":13,"column":19}},"2":{"start":{"line":14,"column":15},"end":{"line":14,"column":23}},"3":{"start":{"line":15,"column":13},"end":{"line":15,"column":19}},"4":{"start":{"line":16,"column":15},"end":{"line":16,"column":23}},"5":{"start":{"line":17,"column":17},"end":{"line":17,"column":27}},"6":{"start":{"line":18,"column":16},"end":{"line":18,"column":25}},"7":{"start":{"line":19,"column":19},"end":{"line":19,"column":31}},"8":{"start":{"line":20,"column":21},"end":{"line":20,"column":35}},"9":{"start":{"line":23,"column":37},"end":{"line":25,"column":3}},"10":{"start":{"line":28,"column":20},"end":{"line":28,"column":32}},"11":{"start":{"line":31,"column":2},"end":{"line":35,"column":9}},"12":{"start":{"line":32,"column":4},"end":{"line":34,"column":6}},"13":{"start":{"line":33,"column":6},"end":{"line":33,"column":32}},"14":{"start":{"line":38,"column":26},"end":{"line":41,"column":5}},"15":{"start":{"line":43,"column":4},"end":{"line":43,"column":23}},"16":{"start":{"line":45,"column":4},"end":{"line":51,"column":9}},"17":{"start":{"line":47,"column":8},"end":{"line":47,"column":48}},"18":{"start":{"line":47,"column":31},"end":{"line":47,"column":48}},"19":{"start":{"line":50,"column":8},"end":{"line":50,"column":60}},"20":{"start":{"line":50,"column":31},"end":{"line":50,"column":60}},"21":{"start":{"line":55,"column":4},"end":{"line":55,"column":31}},"22":{"start":{"line":56,"column":4},"end":{"line":62,"column":9}},"23":{"start":{"line":58,"column":8},"end":{"line":58,"column":49}},"24":{"start":{"line":58,"column":31},"end":{"line":58,"column":49}},"25":{"start":{"line":61,"column":8},"end":{"line":61,"column":62}},"26":{"start":{"line":61,"column":31},"end":{"line":61,"column":62}},"27":{"start":{"line":65,"column":2},"end":{"line":105,"column":4}},"28":{"start":{"line":68,"column":45},"end":{"line":68,"column":63}},"29":{"start":{"line":73,"column":26},"end":{"line":73,"column":45}},"30":{"start":{"line":74,"column":24},"end":{"line":74,"column":40}}},"fnMap":{"0":{"name":"Appointment","decl":{"start":{"line":22,"column":24},"end":{"line":22,"column":35}},"loc":{"start":{"line":22,"column":43},"end":{"line":106,"column":1}},"line":22},"1":{"name":"(anonymous_1)","decl":{"start":{"line":31,"column":12},"end":{"line":31,"column":13}},"loc":{"start":{"line":31,"column":18},"end":{"line":35,"column":3}},"line":31},"2":{"name":"(anonymous_2)","decl":{"start":{"line":32,"column":11},"end":{"line":32,"column":12}},"loc":{"start":{"line":32,"column":17},"end":{"line":34,"column":5}},"line":32},"3":{"name":"save","decl":{"start":{"line":37,"column":11},"end":{"line":37,"column":15}},"loc":{"start":{"line":37,"column":35},"end":{"line":52,"column":3}},"line":37},"4":{"name":"(anonymous_4)","decl":{"start":{"line":46,"column":12},"end":{"line":46,"column":13}},"loc":{"start":{"line":46,"column":18},"end":{"line":48,"column":7}},"line":46},"5":{"name":"(anonymous_5)","decl":{"start":{"line":49,"column":13},"end":{"line":49,"column":14}},"loc":{"start":{"line":49,"column":22},"end":{"line":51,"column":7}},"line":49},"6":{"name":"destroy","decl":{"start":{"line":54,"column":11},"end":{"line":54,"column":18}},"loc":{"start":{"line":54,"column":21},"end":{"line":63,"column":3}},"line":54},"7":{"name":"(anonymous_7)","decl":{"start":{"line":57,"column":12},"end":{"line":57,"column":13}},"loc":{"start":{"line":57,"column":18},"end":{"line":59,"column":7}},"line":57},"8":{"name":"(anonymous_8)","decl":{"start":{"line":60,"column":13},"end":{"line":60,"column":14}},"loc":{"start":{"line":60,"column":22},"end":{"line":62,"column":7}},"line":60},"9":{"name":"(anonymous_9)","decl":{"start":{"line":68,"column":39},"end":{"line":68,"column":40}},"loc":{"start":{"line":68,"column":45},"end":{"line":68,"column":63}},"line":68},"10":{"name":"(anonymous_10)","decl":{"start":{"line":73,"column":20},"end":{"line":73,"column":21}},"loc":{"start":{"line":73,"column":26},"end":{"line":73,"column":45}},"line":73},"11":{"name":"(anonymous_11)","decl":{"start":{"line":74,"column":18},"end":{"line":74,"column":19}},"loc":{"start":{"line":74,"column":24},"end":{"line":74,"column":40}},"line":74}},"branchMap":{"0":{"loc":{"start":{"line":24,"column":4},"end":{"line":24,"column":34}},"type":"cond-expr","locations":[{"start":{"line":24,"column":22},"end":{"line":24,"column":26}},{"start":{"line":24,"column":29},"end":{"line":24,"column":34}}],"line":24},"1":{"loc":{"start":{"line":47,"column":8},"end":{"line":47,"column":48}},"type":"if","locations":[{"start":{"line":47,"column":8},"end":{"line":47,"column":48}},{"start":{"line":47,"column":8},"end":{"line":47,"column":48}}],"line":47},"2":{"loc":{"start":{"line":50,"column":8},"end":{"line":50,"column":60}},"type":"if","locations":[{"start":{"line":50,"column":8},"end":{"line":50,"column":60}},{"start":{"line":50,"column":8},"end":{"line":50,"column":60}}],"line":50},"3":{"loc":{"start":{"line":58,"column":8},"end":{"line":58,"column":49}},"type":"if","locations":[{"start":{"line":58,"column":8},"end":{"line":58,"column":49}},{"start":{"line":58,"column":8},"end":{"line":58,"column":49}}],"line":58},"4":{"loc":{"start":{"line":61,"column":8},"end":{"line":61,"column":62}},"type":"if","locations":[{"start":{"line":61,"column":8},"end":{"line":61,"column":62}},{"start":{"line":61,"column":8},"end":{"line":61,"column":62}}],"line":61},"5":{"loc":{"start":{"line":68,"column":7},"end":{"line":68,"column":67}},"type":"binary-expr","locations":[{"start":{"line":68,"column":7},"end":{"line":68,"column":21}},{"start":{"line":68,"column":25},"end":{"line":68,"column":67}}],"line":68},"6":{"loc":{"start":{"line":69,"column":7},"end":{"line":76,"column":7}},"type":"binary-expr","locations":[{"start":{"line":69,"column":7},"end":{"line":69,"column":20}},{"start":{"line":70,"column":8},"end":{"line":75,"column":10}}],"line":69},"7":{"loc":{"start":{"line":77,"column":7},"end":{"line":79,"column":7}},"type":"binary-expr","locations":[{"start":{"line":77,"column":7},"end":{"line":77,"column":22}},{"start":{"line":78,"column":8},"end":{"line":78,"column":80}}],"line":77},"8":{"loc":{"start":{"line":80,"column":7},"end":{"line":88,"column":7}},"type":"binary-expr","locations":[{"start":{"line":80,"column":7},"end":{"line":80,"column":20}},{"start":{"line":81,"column":8},"end":{"line":87,"column":10}}],"line":80},"9":{"loc":{"start":{"line":89,"column":7},"end":{"line":89,"column":56}},"type":"binary-expr","locations":[{"start":{"line":89,"column":7},"end":{"line":89,"column":22}},{"start":{"line":89,"column":26},"end":{"line":89,"column":56}}],"line":89},"10":{"loc":{"start":{"line":90,"column":7},"end":{"line":90,"column":60}},"type":"binary-expr","locations":[{"start":{"line":90,"column":7},"end":{"line":90,"column":24}},{"start":{"line":90,"column":28},"end":{"line":90,"column":60}}],"line":90},"11":{"loc":{"start":{"line":91,"column":7},"end":{"line":97,"column":7}},"type":"binary-expr","locations":[{"start":{"line":91,"column":7},"end":{"line":91,"column":23}},{"start":{"line":92,"column":8},"end":{"line":96,"column":10}}],"line":91},"12":{"loc":{"start":{"line":98,"column":7},"end":{"line":100,"column":7}},"type":"binary-expr","locations":[{"start":{"line":98,"column":7},"end":{"line":98,"column":26}},{"start":{"line":99,"column":8},"end":{"line":99,"column":70}}],"line":98},"13":{"loc":{"start":{"line":101,"column":7},"end":{"line":103,"column":7}},"type":"binary-expr","locations":[{"start":{"line":101,"column":7},"end":{"line":101,"column":28}},{"start":{"line":102,"column":8},"end":{"line":102,"column":72}}],"line":101}},"s":{"0":2,"1":2,"2":2,"3":2,"4":2,"5":2,"6":2,"7":2,"8":2,"9":31,"10":31,"11":31,"12":15,"13":15,"14":1,"15":1,"16":1,"17":1,"18":1,"19":0,"20":0,"21":1,"22":1,"23":1,"24":0,"25":0,"26":0,"27":31,"28":2,"29":1,"30":1},"f":{"0":31,"1":15,"2":15,"3":1,"4":1,"5":0,"6":1,"7":1,"8":0,"9":2,"10":1,"11":1},"b":{"0":[13,18],"1":[1,0],"2":[0,0],"3":[0,1],"4":[0,0],"5":[31,15],"6":[31,9],"7":[31,2],"8":[31,1],"9":[31,2],"10":[31,1],"11":[31,1],"12":[31,0],"13":[31,0]},"_coverageSchema":"43e27e138ebf9cfc5966b082cf9a028302ed4184","hash":"97fe0f670ee02b041c851da89572f6114f7fda12"}
,"/Users/rus/lighthouse/react/projects/scheduler/src/helpers/selectors.js": {"path":"/Users/rus/lighthouse/react/projects/scheduler/src/helpers/selectors.js","statementMap":{"0":{"start":{"line":2,"column":16},"end":{"line":2,"column":52}},"1":{"start":{"line":2,"column":37},"end":{"line":2,"column":51}},"2":{"start":{"line":4,"column":2},"end":{"line":4,"column":64}},"3":{"start":{"line":4,"column":54},"end":{"line":4,"column":64}},"4":{"start":{"line":6,"column":2},"end":{"line":6,"column":62}},"5":{"start":{"line":6,"column":38},"end":{"line":6,"column":60}},"6":{"start":{"line":10,"column":16},"end":{"line":10,"column":52}},"7":{"start":{"line":10,"column":37},"end":{"line":10,"column":51}},"8":{"start":{"line":12,"column":2},"end":{"line":12,"column":64}},"9":{"start":{"line":12,"column":54},"end":{"line":12,"column":64}},"10":{"start":{"line":14,"column":2},"end":{"line":14,"column":62}},"11":{"start":{"line":14,"column":38},"end":{"line":14,"column":60}},"12":{"start":{"line":18,"column":2},"end":{"line":23,"column":4}}},"fnMap":{"0":{"name":"getAppointmentsForDay","decl":{"start":{"line":1,"column":16},"end":{"line":1,"column":37}},"loc":{"start":{"line":1,"column":50},"end":{"line":7,"column":1}},"line":1},"1":{"name":"(anonymous_1)","decl":{"start":{"line":2,"column":32},"end":{"line":2,"column":33}},"loc":{"start":{"line":2,"column":37},"end":{"line":2,"column":51}},"line":2},"2":{"name":"(anonymous_2)","decl":{"start":{"line":6,"column":32},"end":{"line":6,"column":33}},"loc":{"start":{"line":6,"column":38},"end":{"line":6,"column":60}},"line":6},"3":{"name":"getInterviewersForDay","decl":{"start":{"line":9,"column":16},"end":{"line":9,"column":37}},"loc":{"start":{"line":9,"column":50},"end":{"line":15,"column":1}},"line":9},"4":{"name":"(anonymous_4)","decl":{"start":{"line":10,"column":32},"end":{"line":10,"column":33}},"loc":{"start":{"line":10,"column":37},"end":{"line":10,"column":51}},"line":10},"5":{"name":"(anonymous_5)","decl":{"start":{"line":14,"column":32},"end":{"line":14,"column":33}},"loc":{"start":{"line":14,"column":38},"end":{"line":14,"column":60}},"line":14},"6":{"name":"getInterview","decl":{"start":{"line":17,"column":16},"end":{"line":17,"column":28}},"loc":{"start":{"line":17,"column":47},"end":{"line":24,"column":1}},"line":17}},"branchMap":{"0":{"loc":{"start":{"line":4,"column":2},"end":{"line":4,"column":64}},"type":"if","locations":[{"start":{"line":4,"column":2},"end":{"line":4,"column":64}},{"start":{"line":4,"column":2},"end":{"line":4,"column":64}}],"line":4},"1":{"loc":{"start":{"line":4,"column":6},"end":{"line":4,"column":52}},"type":"binary-expr","locations":[{"start":{"line":4,"column":6},"end":{"line":4,"column":29}},{"start":{"line":4,"column":33},"end":{"line":4,"column":52}}],"line":4},"2":{"loc":{"start":{"line":12,"column":2},"end":{"line":12,"column":64}},"type":"if","locations":[{"start":{"line":12,"column":2},"end":{"line":12,"column":64}},{"start":{"line":12,"column":2},"end":{"line":12,"column":64}}],"line":12},"3":{"loc":{"start":{"line":12,"column":6},"end":{"line":12,"column":52}},"type":"binary-expr","locations":[{"start":{"line":12,"column":6},"end":{"line":12,"column":29}},{"start":{"line":12,"column":33},"end":{"line":12,"column":52}}],"line":12},"4":{"loc":{"start":{"line":19,"column":4},"end":{"line":22,"column":5}},"type":"binary-expr","locations":[{"start":{"line":19,"column":4},"end":{"line":19,"column":13}},{"start":{"line":19,"column":17},"end":{"line":22,"column":5}}],"line":19}},"s":{"0":14,"1":13,"2":14,"3":5,"4":9,"5":19,"6":14,"7":13,"8":14,"9":5,"10":9,"11":18,"12":13},"f":{"0":14,"1":13,"2":19,"3":14,"4":13,"5":18,"6":13},"b":{"0":[5,9],"1":[14,10],"2":[5,9],"3":[14,10],"4":[13,9]},"_coverageSchema":"43e27e138ebf9cfc5966b082cf9a028302ed4184","hash":"cebf6697b65815a7f467a49bdbd402b84ba505b1"}
,"/Users/rus/lighthouse/react/projects/scheduler/src/hooks/useApplicationData.js": {"path":"/Users/rus/lighthouse/react/projects/scheduler/src/hooks/useApplicationData.js","statementMap":{"0":{"start":{"line":15,"column":28},"end":{"line":20,"column":4}},"1":{"start":{"line":22,"column":17},"end":{"line":22,"column":56}},"2":{"start":{"line":22,"column":24},"end":{"line":22,"column":56}},"3":{"start":{"line":24,"column":2},"end":{"line":38,"column":9}},"4":{"start":{"line":25,"column":4},"end":{"line":37,"column":6}},"5":{"start":{"line":31,"column":8},"end":{"line":36,"column":10}},"6":{"start":{"line":40,"column":2},"end":{"line":40,"column":30}},"7":{"start":{"line":43,"column":4},"end":{"line":49,"column":7}},"8":{"start":{"line":44,"column":6},"end":{"line":48,"column":9}},"9":{"start":{"line":54,"column":4},"end":{"line":60,"column":7}},"10":{"start":{"line":55,"column":6},"end":{"line":59,"column":9}},"11":{"start":{"line":63,"column":2},"end":{"line":68,"column":4}}},"fnMap":{"0":{"name":"useApplicationData","decl":{"start":{"line":14,"column":24},"end":{"line":14,"column":42}},"loc":{"start":{"line":14,"column":45},"end":{"line":69,"column":1}},"line":14},"1":{"name":"(anonymous_1)","decl":{"start":{"line":22,"column":17},"end":{"line":22,"column":18}},"loc":{"start":{"line":22,"column":24},"end":{"line":22,"column":56}},"line":22},"2":{"name":"(anonymous_2)","decl":{"start":{"line":24,"column":12},"end":{"line":24,"column":13}},"loc":{"start":{"line":24,"column":18},"end":{"line":38,"column":3}},"line":24},"3":{"name":"(anonymous_3)","decl":{"start":{"line":30,"column":6},"end":{"line":30,"column":7}},"loc":{"start":{"line":31,"column":8},"end":{"line":36,"column":10}},"line":31},"4":{"name":"bookInterview","decl":{"start":{"line":42,"column":11},"end":{"line":42,"column":24}},"loc":{"start":{"line":42,"column":40},"end":{"line":50,"column":3}},"line":42},"5":{"name":"(anonymous_5)","decl":{"start":{"line":43,"column":68},"end":{"line":43,"column":69}},"loc":{"start":{"line":43,"column":74},"end":{"line":49,"column":5}},"line":43},"6":{"name":"cancelInterview","decl":{"start":{"line":52,"column":11},"end":{"line":52,"column":26}},"loc":{"start":{"line":52,"column":31},"end":{"line":61,"column":4}},"line":52},"7":{"name":"(anonymous_7)","decl":{"start":{"line":54,"column":56},"end":{"line":54,"column":57}},"loc":{"start":{"line":54,"column":62},"end":{"line":60,"column":5}},"line":54}},"branchMap":{},"s":{"0":9,"1":9,"2":1,"3":9,"4":3,"5":3,"6":9,"7":1,"8":1,"9":1,"10":1,"11":9},"f":{"0":9,"1":1,"2":3,"3":3,"4":1,"5":1,"6":1,"7":1},"b":{},"_coverageSchema":"43e27e138ebf9cfc5966b082cf9a028302ed4184","hash":"146cf5b48325c1dc4adc8454c1b926b956cf1048"}
,"/Users/rus/lighthouse/react/projects/scheduler/src/hooks/useRealtimeUpdate.js": {"path":"/Users/rus/lighthouse/react/projects/scheduler/src/hooks/useRealtimeUpdate.js","statementMap":{"0":{"start":{"line":5,"column":2},"end":{"line":19,"column":17}},"1":{"start":{"line":6,"column":19},"end":{"line":6,"column":69}},"2":{"start":{"line":8,"column":4},"end":{"line":14,"column":6}},"3":{"start":{"line":9,"column":19},"end":{"line":9,"column":41}},"4":{"start":{"line":11,"column":6},"end":{"line":13,"column":7}},"5":{"start":{"line":12,"column":8},"end":{"line":12,"column":23}},"6":{"start":{"line":16,"column":4},"end":{"line":18,"column":6}},"7":{"start":{"line":17,"column":6},"end":{"line":17,"column":21}}},"fnMap":{"0":{"name":"useRealtimeUpdate","decl":{"start":{"line":4,"column":24},"end":{"line":4,"column":41}},"loc":{"start":{"line":4,"column":52},"end":{"line":20,"column":1}},"line":4},"1":{"name":"(anonymous_1)","decl":{"start":{"line":5,"column":12},"end":{"line":5,"column":13}},"loc":{"start":{"line":5,"column":18},"end":{"line":19,"column":3}},"line":5},"2":{"name":"(anonymous_2)","decl":{"start":{"line":8,"column":23},"end":{"line":8,"column":24}},"loc":{"start":{"line":8,"column":32},"end":{"line":14,"column":5}},"line":8},"3":{"name":"(anonymous_3)","decl":{"start":{"line":16,"column":11},"end":{"line":16,"column":12}},"loc":{"start":{"line":16,"column":17},"end":{"line":18,"column":5}},"line":16}},"branchMap":{"0":{"loc":{"start":{"line":11,"column":6},"end":{"line":13,"column":7}},"type":"if","locations":[{"start":{"line":11,"column":6},"end":{"line":13,"column":7}},{"start":{"line":11,"column":6},"end":{"line":13,"column":7}}],"line":11},"1":{"loc":{"start":{"line":11,"column":10},"end":{"line":11,"column":65}},"type":"binary-expr","locations":[{"start":{"line":11,"column":10},"end":{"line":11,"column":34}},{"start":{"line":11,"column":38},"end":{"line":11,"column":65}}],"line":11}},"s":{"0":9,"1":3,"2":3,"3":0,"4":0,"5":0,"6":3,"7":3},"f":{"0":9,"1":3,"2":0,"3":3},"b":{"0":[0,0],"1":[0,0]},"_coverageSchema":"43e27e138ebf9cfc5966b082cf9a028302ed4184","hash":"84be043921602e5bacfd435b1b5408b947c83a71"}
,"/Users/rus/lighthouse/react/projects/scheduler/src/hooks/useVisualMode.js": {"path":"/Users/rus/lighthouse/react/projects/scheduler/src/hooks/useVisualMode.js","statementMap":{"0":{"start":{"line":4,"column":32},"end":{"line":4,"column":55}},"1":{"start":{"line":6,"column":21},"end":{"line":10,"column":3}},"2":{"start":{"line":7,"column":4},"end":{"line":9,"column":6}},"3":{"start":{"line":8,"column":6},"end":{"line":8,"column":75}},"4":{"start":{"line":12,"column":15},"end":{"line":16,"column":3}},"5":{"start":{"line":13,"column":4},"end":{"line":15,"column":5}},"6":{"start":{"line":14,"column":6},"end":{"line":14,"column":57}},"7":{"start":{"line":14,"column":25},"end":{"line":14,"column":55}},"8":{"start":{"line":18,"column":2},"end":{"line":22,"column":4}}},"fnMap":{"0":{"name":"useVisualMode","decl":{"start":{"line":3,"column":24},"end":{"line":3,"column":37}},"loc":{"start":{"line":3,"column":51},"end":{"line":23,"column":1}},"line":3},"1":{"name":"(anonymous_1)","decl":{"start":{"line":6,"column":21},"end":{"line":6,"column":22}},"loc":{"start":{"line":6,"column":48},"end":{"line":10,"column":3}},"line":6},"2":{"name":"(anonymous_2)","decl":{"start":{"line":7,"column":15},"end":{"line":7,"column":16}},"loc":{"start":{"line":8,"column":6},"end":{"line":8,"column":75}},"line":8},"3":{"name":"(anonymous_3)","decl":{"start":{"line":12,"column":15},"end":{"line":12,"column":16}},"loc":{"start":{"line":12,"column":21},"end":{"line":16,"column":3}},"line":12},"4":{"name":"(anonymous_4)","decl":{"start":{"line":14,"column":17},"end":{"line":14,"column":18}},"loc":{"start":{"line":14,"column":25},"end":{"line":14,"column":55}},"line":14}},"branchMap":{"0":{"loc":{"start":{"line":6,"column":28},"end":{"line":6,"column":43}},"type":"default-arg","locations":[{"start":{"line":6,"column":38},"end":{"line":6,"column":43}}],"line":6},"1":{"loc":{"start":{"line":8,"column":6},"end":{"line":8,"column":75}},"type":"cond-expr","locations":[{"start":{"line":8,"column":16},"end":{"line":8,"column":57}},{"start":{"line":8,"column":60},"end":{"line":8,"column":75}}],"line":8},"2":{"loc":{"start":{"line":13,"column":4},"end":{"line":15,"column":5}},"type":"if","locations":[{"start":{"line":13,"column":4},"end":{"line":15,"column":5}},{"start":{"line":13,"column":4},"end":{"line":15,"column":5}}],"line":13}},"s":{"0":41,"1":41,"2":11,"3":11,"4":41,"5":4,"6":3,"7":3,"8":41},"f":{"0":41,"1":11,"2":11,"3":4,"4":3},"b":{"0":[9],"1":[2,9],"2":[3,1]},"_coverageSchema":"43e27e138ebf9cfc5966b082cf9a028302ed4184","hash":"5481aa8d87b885b1b6d923af2b557b969e025a9d"}
,"/Users/rus/lighthouse/react/projects/scheduler/src/reducers/application.js": {"path":"/Users/rus/lighthouse/react/projects/scheduler/src/reducers/application.js","statementMap":{"0":{"start":{"line":1,"column":23},"end":{"line":1,"column":32}},"1":{"start":{"line":2,"column":36},"end":{"line":2,"column":58}},"2":{"start":{"line":3,"column":29},"end":{"line":3,"column":44}},"3":{"start":{"line":6,"column":2},"end":{"line":53,"column":3}},"4":{"start":{"line":8,"column":6},"end":{"line":8,"column":43}},"5":{"start":{"line":10,"column":6},"end":{"line":15,"column":8}},"6":{"start":{"line":17,"column":26},"end":{"line":20,"column":7}},"7":{"start":{"line":22,"column":27},"end":{"line":25,"column":7}},"8":{"start":{"line":27,"column":29},"end":{"line":32,"column":9}},"9":{"start":{"line":28,"column":8},"end":{"line":32,"column":9}},"10":{"start":{"line":30,"column":26},"end":{"line":30,"column":72}},"11":{"start":{"line":34,"column":19},"end":{"line":41,"column":8}},"12":{"start":{"line":35,"column":8},"end":{"line":40,"column":16}},"13":{"start":{"line":43,"column":6},"end":{"line":47,"column":8}},"14":{"start":{"line":50,"column":6},"end":{"line":52,"column":8}}},"fnMap":{"0":{"name":"reducer","decl":{"start":{"line":5,"column":24},"end":{"line":5,"column":31}},"loc":{"start":{"line":5,"column":47},"end":{"line":54,"column":1}},"line":5},"1":{"name":"(anonymous_1)","decl":{"start":{"line":27,"column":29},"end":{"line":27,"column":30}},"loc":{"start":{"line":28,"column":8},"end":{"line":32,"column":9}},"line":28},"2":{"name":"(anonymous_2)","decl":{"start":{"line":30,"column":10},"end":{"line":30,"column":11}},"loc":{"start":{"line":30,"column":26},"end":{"line":30,"column":72}},"line":30},"3":{"name":"(anonymous_3)","decl":{"start":{"line":34,"column":34},"end":{"line":34,"column":35}},"loc":{"start":{"line":34,"column":41},"end":{"line":41,"column":7}},"line":34}},"branchMap":{"0":{"loc":{"start":{"line":6,"column":2},"end":{"line":53,"column":3}},"type":"switch","locations":[{"start":{"line":7,"column":4},"end":{"line":8,"column":43}},{"start":{"line":9,"column":4},"end":{"line":15,"column":8}},{"start":{"line":16,"column":4},"end":{"line":48,"column":5}},{"start":{"line":49,"column":4},"end":{"line":52,"column":8}}],"line":6},"1":{"loc":{"start":{"line":19,"column":19},"end":{"line":19,"column":62}},"type":"binary-expr","locations":[{"start":{"line":19,"column":19},"end":{"line":19,"column":35}},{"start":{"line":19,"column":39},"end":{"line":19,"column":62}}],"line":19},"2":{"loc":{"start":{"line":30,"column":26},"end":{"line":30,"column":72}},"type":"cond-expr","locations":[{"start":{"line":30,"column":55},"end":{"line":30,"column":64}},{"start":{"line":30,"column":67},"end":{"line":30,"column":72}}],"line":30},"3":{"loc":{"start":{"line":35,"column":15},"end":{"line":40,"column":15}},"type":"cond-expr","locations":[{"start":{"line":36,"column":12},"end":{"line":39,"column":13}},{"start":{"line":40,"column":12},"end":{"line":40,"column":15}}],"line":35}},"s":{"0":2,"1":2,"2":2,"3":7,"4":1,"5":3,"6":2,"7":2,"8":2,"9":1,"10":2,"11":2,"12":4,"13":2,"14":1},"f":{"0":7,"1":1,"2":2,"3":4},"b":{"0":[1,3,2,1],"1":[2,1],"2":[2,0],"3":[1,3]},"_coverageSchema":"43e27e138ebf9cfc5966b082cf9a028302ed4184","hash":"8f24815d7be6d8a4d7f7fa96a9fa5cbbde8e2df6"}
}
