TN:
SF:/Users/rus/lighthouse/react/projects/scheduler/src/components/Application.js
FN:16,Application
FN:27,(anonymous_1)
FNF:2
FNH:1
FNDA:1,Application
FNDA:0,(anonymous_1)
DA:22,1
DA:24,1
DA:26,1
DA:28,0
DA:41,1
LF:5
LH:4
BRF:0
BRH:0
end_of_record
TN:
SF:/Users/rus/lighthouse/react/projects/scheduler/src/components/Button.js
FN:7,Button
FNF:1
FNH:1
FNDA:33,Button
DA:8,33
DA:13,33
LF:2
LH:2
BRF:0
BRH:0
end_of_record
TN:
SF:/Users/rus/lighthouse/react/projects/scheduler/src/components/DayList.js
FN:5,DayList
FN:6,(anonymous_1)
FNF:2
FNH:1
FNDA:1,DayList
FNDA:0,(anonymous_1)
DA:6,1
DA:7,0
DA:18,1
LF:3
LH:2
BRF:0
BRH:0
end_of_record
TN:
SF:/Users/rus/lighthouse/react/projects/scheduler/src/components/DayListItem.js
FN:6,formatSpots
FN:13,DayListItem
FN:22,(anonymous_2)
FNF:3
FNH:0
FNDA:0,formatSpots
FNDA:0,DayListItem
FNDA:0,(anonymous_2)
DA:7,0
DA:8,0
DA:10,0
DA:14,0
DA:19,0
DA:22,0
LF:6
LH:0
BRDA:7,0,0,0
BRDA:7,0,1,0
BRDA:8,1,0,0
BRDA:8,1,1,0
BRF:4
BRH:0
end_of_record
TN:
SF:/Users/rus/lighthouse/react/projects/scheduler/src/components/InterviewerList.js
FN:8,InterviewerList
FN:10,(anonymous_1)
FN:18,(anonymous_2)
FNF:3
FNH:2
FNDA:16,InterviewerList
FNDA:16,(anonymous_1)
FNDA:0,(anonymous_2)
DA:10,16
DA:11,16
DA:18,0
DA:23,16
DA:31,3
LF:5
LH:4
BRF:0
BRH:0
end_of_record
TN:
SF:/Users/rus/lighthouse/react/projects/scheduler/src/components/InterviewerListItem.js
FN:6,InterviewerItem
FNF:1
FNH:1
FNDA:16,InterviewerItem
DA:7,16
DA:11,16
LF:2
LH:2
BRDA:18,0,0,16
BRDA:18,0,1,5
BRF:2
BRH:2
end_of_record
TN:
SF:/Users/rus/lighthouse/react/projects/scheduler/src/components/Appointment/Confirm.js
FN:5,Confirm
FNF:1
FNH:0
FNDA:0,Confirm
DA:6,0
LF:1
LH:0
BRF:0
BRH:0
end_of_record
TN:
SF:/Users/rus/lighthouse/react/projects/scheduler/src/components/Appointment/Empty.js
FN:3,Empty
FNF:1
FNH:1
FNDA:4,Empty
DA:4,4
LF:1
LH:1
BRF:0
BRH:0
end_of_record
TN:
SF:/Users/rus/lighthouse/react/projects/scheduler/src/components/Appointment/Error.js
FN:3,Error
FNF:1
FNH:0
FNDA:0,Error
DA:4,0
LF:1
LH:0
BRF:0
BRH:0
end_of_record
TN:
SF:/Users/rus/lighthouse/react/projects/scheduler/src/components/Appointment/Form.js
FN:6,Form
FN:12,reset
FN:18,cancel
FN:23,validate
FN:41,(anonymous_4)
FN:48,(anonymous_5)
FNF:6
FNH:5
FNDA:16,Form
FNDA:1,reset
FNDA:1,cancel
FNDA:5,validate
FNDA:0,(anonymous_4)
FNDA:2,(anonymous_5)
DA:8,16
DA:9,16
DA:10,16
DA:13,1
DA:14,1
DA:15,1
DA:19,1
DA:20,1
DA:24,5
DA:25,2
DA:26,2
DA:29,3
DA:30,2
DA:31,2
DA:34,1
DA:35,1
DA:38,16
DA:41,0
DA:49,2
LF:19
LH:18
BRDA:8,0,0,16
BRDA:8,0,1,8
BRDA:9,1,0,16
BRDA:9,1,1,11
BRDA:24,2,0,2
BRDA:24,2,1,3
BRDA:29,3,0,2
BRDA:29,3,1,1
BRF:8
BRH:8
end_of_record
TN:
SF:/Users/rus/lighthouse/react/projects/scheduler/src/components/Appointment/Header.js
FN:3,Header
FNF:1
FNH:1
FNDA:7,Header
DA:4,7
LF:1
LH:1
BRF:0
BRH:0
end_of_record
TN:
SF:/Users/rus/lighthouse/react/projects/scheduler/src/components/Appointment/Show.js
FN:3,Show
FNF:1
FNH:1
FNDA:1,Show
DA:4,1
LF:1
LH:1
BRDA:11,0,0,1
BRDA:11,0,1,1
BRF:2
BRH:2
end_of_record
TN:
SF:/Users/rus/lighthouse/react/projects/scheduler/src/components/Appointment/Status.js
FN:3,Status
FNF:1
FNH:0
FNDA:0,Status
DA:4,0
LF:1
LH:0
BRF:0
BRH:0
end_of_record
TN:
SF:/Users/rus/lighthouse/react/projects/scheduler/src/components/Appointment/index.js
FN:22,Appointment
FN:27,save
FN:36,(anonymous_2)
FN:37,(anonymous_3)
FN:40,destroy
FN:43,(anonymous_5)
FN:44,(anonymous_6)
FN:50,(anonymous_7)
FN:55,(anonymous_8)
FN:56,(anonymous_9)
FNF:10
FNH:3
FNDA:7,Appointment
FNDA:0,save
FNDA:0,(anonymous_2)
FNDA:0,(anonymous_3)
FNDA:0,destroy
FNDA:0,(anonymous_5)
FNDA:0,(anonymous_6)
FNDA:1,(anonymous_7)
FNDA:0,(anonymous_8)
FNDA:1,(anonymous_9)
DA:12,2
DA:13,2
DA:14,2
DA:15,2
DA:16,2
DA:17,2
DA:18,2
DA:19,2
DA:20,2
DA:23,7
DA:28,0
DA:33,0
DA:35,0
DA:36,0
DA:37,0
DA:41,0
DA:42,0
DA:43,0
DA:44,0
DA:47,7
DA:50,1
DA:55,0
DA:56,1
LF:23
LH:13
BRDA:24,0,0,2
BRDA:24,0,1,5
BRDA:50,1,0,7
BRDA:50,1,1,4
BRDA:51,2,0,7
BRDA:51,2,1,1
BRDA:59,3,0,7
BRDA:59,3,1,1
BRDA:62,4,0,7
BRDA:62,4,1,1
BRDA:71,5,0,7
BRDA:71,5,1,0
BRDA:72,6,0,7
BRDA:72,6,1,0
BRDA:73,7,0,7
BRDA:73,7,1,0
BRDA:80,8,0,7
BRDA:80,8,1,0
BRDA:83,9,0,7
BRDA:83,9,1,0
BRF:20
BRH:15
end_of_record
TN:
SF:/Users/rus/lighthouse/react/projects/scheduler/src/helpers/selectors.js
FN:1,getAppointmentsForDay
FN:2,(anonymous_1)
FN:6,(anonymous_2)
FN:9,getInterviewersForDay
FN:10,(anonymous_4)
FN:14,(anonymous_5)
FN:17,getInterview
FNF:7
FNH:7
FNDA:6,getAppointmentsForDay
FNDA:6,(anonymous_1)
FNDA:8,(anonymous_2)
FNDA:6,getInterviewersForDay
FNDA:6,(anonymous_4)
FNDA:6,(anonymous_5)
FNDA:2,getInterview
DA:2,6
DA:4,6
DA:6,8
DA:10,6
DA:12,6
DA:14,6
DA:18,2
LF:7
LH:7
BRDA:4,0,0,3
BRDA:4,0,1,3
BRDA:4,1,0,6
BRDA:4,1,1,4
BRDA:12,2,0,3
BRDA:12,2,1,3
BRDA:12,3,0,6
BRDA:12,3,1,4
BRDA:19,4,0,2
BRDA:19,4,1,1
BRF:10
BRH:10
end_of_record
TN:
SF:/Users/rus/lighthouse/react/projects/scheduler/src/hooks/useApplicationData.js
FN:13,useApplicationData
FN:21,(anonymous_1)
FN:23,(anonymous_2)
FN:29,(anonymous_3)
FN:41,bookInterview
FN:42,(anonymous_5)
FN:51,cancelInterview
FN:52,(anonymous_7)
FNF:8
FNH:2
FNDA:1,useApplicationData
FNDA:0,(anonymous_1)
FNDA:1,(anonymous_2)
FNDA:0,(anonymous_3)
FNDA:0,bookInterview
FNDA:0,(anonymous_5)
FNDA:0,cancelInterview
FNDA:0,(anonymous_7)
DA:14,1
DA:21,1
DA:23,1
DA:24,1
DA:30,0
DA:39,1
DA:42,0
DA:43,0
DA:52,0
DA:53,0
DA:61,1
LF:11
LH:6
BRF:0
BRH:0
end_of_record
TN:
SF:/Users/rus/lighthouse/react/projects/scheduler/src/hooks/useRealtimeUpdate.js
FN:4,useRealtimeUpdate
FN:5,(anonymous_1)
FN:8,(anonymous_2)
FN:16,(anonymous_3)
FNF:4
FNH:3
FNDA:1,useRealtimeUpdate
FNDA:1,(anonymous_1)
FNDA:0,(anonymous_2)
FNDA:1,(anonymous_3)
DA:5,1
DA:6,1
DA:8,1
DA:9,0
DA:11,0
DA:12,0
DA:16,1
DA:17,1
LF:8
LH:5
BRDA:11,0,0,0
BRDA:11,0,1,0
BRDA:11,1,0,0
BRDA:11,1,1,0
BRF:4
BRH:0
end_of_record
TN:
SF:/Users/rus/lighthouse/react/projects/scheduler/src/hooks/useVisualMode.js
FN:3,useVisualMode
FN:6,(anonymous_1)
FN:7,(anonymous_2)
FN:12,(anonymous_3)
FN:14,(anonymous_4)
FNF:5
FNH:5
FNDA:17,useVisualMode
FNDA:6,(anonymous_1)
FNDA:6,(anonymous_2)
FNDA:4,(anonymous_3)
FNDA:3,(anonymous_4)
DA:4,17
DA:6,17
DA:7,6
DA:8,6
DA:12,17
DA:13,4
DA:14,3
DA:18,17
LF:8
LH:8
BRDA:6,0,0,5
BRDA:8,1,0,1
BRDA:8,1,1,5
BRDA:13,2,0,3
BRDA:13,2,1,1
BRF:5
BRH:5
end_of_record
TN:
SF:/Users/rus/lighthouse/react/projects/scheduler/src/reducers/application.js
FN:5,reducer
FN:27,(anonymous_1)
FN:30,(anonymous_2)
FN:34,(anonymous_3)
FNF:4
FNH:1
FNDA:1,reducer
FNDA:0,(anonymous_1)
FNDA:0,(anonymous_2)
FNDA:0,(anonymous_3)
DA:1,2
DA:2,2
DA:3,2
DA:6,1
DA:8,0
DA:10,0
DA:17,0
DA:22,0
DA:27,0
DA:28,0
DA:30,0
DA:34,0
DA:35,0
DA:43,0
DA:50,1
LF:15
LH:5
BRDA:6,0,0,0
BRDA:6,0,1,0
BRDA:6,0,2,0
BRDA:6,0,3,1
BRDA:19,1,0,0
BRDA:19,1,1,0
BRDA:30,2,0,0
BRDA:30,2,1,0
BRDA:35,3,0,0
BRDA:35,3,1,0
BRF:10
BRH:1
end_of_record
